<?xml version="1.0" encoding="UTF-8"?>
<testsuite xmlns:xsi="http://www.w3.org/2001/XMLSchema-instance" xsi:noNamespaceSchemaLocation="https://maven.apache.org/surefire/maven-surefire-plugin/xsd/surefire-test-report.xsd" name="cen4802c.Assignment7.AppTest" time="3.713" tests="3" errors="0" skipped="0" failures="0">
  <properties>
[...]
</properties>
  <testcase name="RandomArrayTest" classname="cen4802c.Assignment7.AppTest" time="0.011"/>
  <testcase name="multithreadSumTest" classname="cen4802c.Assignment7.AppTest" time="1.868"/>
  <testcase name="singleThreadSumTest" classname="cen4802c.Assignment7.AppTest" time="0.949"/>
</testsuite>